<?xml version="1.0" encoding="UTF-8"?>
<!-- Generated by org.testng.reporters.JUnitReportReporter -->
<testsuite hostname="DESKTOP-KPS8173" failures="0" tests="4" name="automation.testsuite.BTVNDay14_Test" time="14.545" errors="0" timestamp="2025-08-20T19:36:13 ICT" skipped="0">
  <testcase classname="automation.testsuite.BTVNDay14_Test" name="Signup" time="5.396"/>
  <testcase classname="automation.testsuite.BTVNDay14_Test" name="LoginSuccessfully" time="2.345"/>
  <testcase classname="automation.testsuite.BTVNDay14_Test" name="editInfo" time="4.588"/>
  <testcase classname="automation.testsuite.BTVNDay14_Test" name="newLoginSuccessfully" time="2.216"/>
</testsuite> <!-- automation.testsuite.BTVNDay14_Test -->
