<?xml version="1.0" encoding="UTF-8"?>
<!-- Generated by org.testng.reporters.JUnitReportReporter -->
<testsuite hostname="DESKTOP-KPS8173" failures="0" tests="1" name="automation.testsuite.LoginTest" time="2.673" errors="0" timestamp="2025-08-13T21:06:50 ICT" skipped="0">
  <testcase classname="automation.testsuite.LoginTest" name="loginSuccessfully" time="2.673"/>
</testsuite> <!-- automation.testsuite.LoginTest -->
