<?xml version="1.0" encoding="UTF-8"?>
<!-- Generated by org.testng.reporters.JUnitReportReporter -->
<testsuite hostname="DESKTOP-KPS8173" failures="0" tests="2" name="automation.testsuite.BTVN2_Day8" time="2.805" errors="0" timestamp="2025-08-17T19:54:41 ICT" skipped="0">
  <testcase classname="automation.testsuite.BTVN2_Day8" name="getElementByName" time="1.441"/>
  <testcase classname="automation.testsuite.BTVN2_Day8" name="getElementById" time="1.364"/>
</testsuite> <!-- automation.testsuite.BTVN2_Day8 -->
