<?xml version="1.0" encoding="UTF-8"?>
<!-- Generated by org.testng.reporters.JUnitReportReporter -->
<testsuite hostname="DESKTOP-KPS8173" failures="0" tests="1" name="automation.testsuite.BTVN_Day13" time="10.260" errors="0" timestamp="2025-08-16T19:07:23 ICT" skipped="0">
  <testcase classname="automation.testsuite.BTVN_Day13" name="logout" time="10.260"/>
</testsuite> <!-- automation.testsuite.BTVN_Day13 -->
