<?xml version="1.0" encoding="UTF-8"?>
<!-- Generated by org.testng.reporters.JUnitReportReporter -->
<testsuite hostname="DESKTOP-KPS8173" failures="0" tests="1" name="automation.testsuite.BTVN_Day12_3" time="1.628" errors="0" timestamp="2025-08-17T19:54:41 ICT" skipped="0">
  <testcase classname="automation.testsuite.BTVN_Day12_3" name="chooseDropMulti" time="1.628"/>
</testsuite> <!-- automation.testsuite.BTVN_Day12_3 -->
