<?xml version="1.0" encoding="UTF-8"?>
<!-- Generated by org.testng.reporters.JUnitReportReporter -->
<testsuite hostname="DESKTOP-KPS8173" failures="0" tests="4" name="automation.testsuite.Day8_Practice" time="8.964" errors="0" timestamp="2025-07-27T21:56:56 ICT" skipped="0">
  <testcase classname="automation.testsuite.Day8_Practice" name="getElementById" time="2.077"/>
  <testcase classname="automation.testsuite.Day8_Practice" name="getElementByPartialLinkText" time="2.526"/>
  <testcase classname="automation.testsuite.Day8_Practice" name="getElementByText" time="2.708"/>
  <testcase classname="automation.testsuite.Day8_Practice" name="getElementByName" time="1.653"/>
</testsuite> <!-- automation.testsuite.Day8_Practice -->
