<?xml version="1.0" encoding="UTF-8"?>
<!-- Generated by org.testng.reporters.JUnitReportReporter -->
<testsuite hostname="DESKTOP-KPS8173" failures="0" tests="3" name="automation.testsuite.BTVN_Day12_2" time="4.764" errors="0" timestamp="2025-08-12T21:08:06 ICT" skipped="0">
  <testcase classname="automation.testsuite.BTVN_Day12_2" name="radioDisabled" time="1.478"/>
  <testcase classname="automation.testsuite.BTVN_Day12_2" name="chooseAgeUnder18" time="1.465"/>
  <testcase classname="automation.testsuite.BTVN_Day12_2" name="chooseAge18Older" time="1.821"/>
</testsuite> <!-- automation.testsuite.BTVN_Day12_2 -->
