<?xml version="1.0" encoding="UTF-8"?>
<!-- Generated by org.testng.reporters.JUnitReportReporter -->
<testsuite hostname="DESKTOP-KPS8173" failures="0" tests="1" name="automation.testsuite.BTVN_Day8" time="2.736" errors="0" timestamp="2025-07-29T14:07:40 ICT" skipped="0">
  <testcase classname="automation.testsuite.BTVN_Day8" name="getElementByName" time="2.736"/>
</testsuite> <!-- automation.testsuite.BTVN_Day8 -->
