<?xml version="1.0" encoding="UTF-8"?>
<!-- Generated by org.testng.reporters.JUnitReportReporter -->
<testsuite hostname="DESKTOP-KPS8173" failures="0" tests="3" name="automation.testsuite.Day12_RadioButton" time="18.092" errors="0" timestamp="2025-08-10T20:08:41 ICT" skipped="0">
  <testcase classname="automation.testsuite.Day12_RadioButton" name="choseOther" time="6.323"/>
  <testcase classname="automation.testsuite.Day12_RadioButton" name="choseMale" time="5.869"/>
  <testcase classname="automation.testsuite.Day12_RadioButton" name="choseFemale" time="5.900"/>
</testsuite> <!-- automation.testsuite.Day12_RadioButton -->
