<?xml version="1.0" encoding="UTF-8"?>
<!-- Generated by org.testng.reporters.JUnitReportReporter -->
<testsuite hostname="DESKTOP-KPS8173" failures="0" tests="1" name="automation.testsuite.ALADA_LoginTest" time="2.611" errors="0" timestamp="2025-08-17T20:50:46 ICT" skipped="0">
  <testcase classname="automation.testsuite.ALADA_LoginTest" name="loginSuccessfully" time="2.611"/>
</testsuite> <!-- automation.testsuite.ALADA_LoginTest -->
