<?xml version="1.0" encoding="UTF-8"?>
<!-- Generated by org.testng.reporters.JUnitReportReporter -->
<testsuite hostname="DESKTOP-KPS8173" failures="0" tests="1" name="automation.testsuite.TEDU_UpdatePass_Test" time="15.614" errors="0" timestamp="2025-08-20T21:23:45 ICT" skipped="0">
  <testcase classname="automation.testsuite.TEDU_UpdatePass_Test" name="updatePassSuccessfully" time="15.614"/>
</testsuite> <!-- automation.testsuite.TEDU_UpdatePass_Test -->
