<?xml version="1.0" encoding="UTF-8"?>
<!-- Generated by org.testng.reporters.JUnitReportReporter -->
<testsuite hostname="DESKTOP-KPS8173" failures="0" tests="1" name="automation.testsuite.BTVN_Day15_TEDU_Search" time="17.115" errors="0" timestamp="2025-08-26T17:57:27 ICT" skipped="0">
  <testcase classname="automation.testsuite.BTVN_Day15_TEDU_Search" name="searchKeyWord" time="17.115"/>
</testsuite> <!-- automation.testsuite.BTVN_Day15_TEDU_Search -->
