<?xml version="1.0" encoding="UTF-8"?>
<!-- Generated by org.testng.reporters.JUnitReportReporter -->
<testsuite hostname="DESKTOP-KPS8173" failures="0" tests="4" name="automation.testsuite.Day8_Practice" time="11.895" errors="0" timestamp="2025-08-17T19:54:41 ICT" skipped="0">
  <testcase classname="automation.testsuite.Day8_Practice" name="getElementByText" time="3.497"/>
  <testcase classname="automation.testsuite.Day8_Practice" name="getElementById" time="1.626"/>
  <testcase classname="automation.testsuite.Day8_Practice" name="getElementByPartialLinkText" time="4.897"/>
  <testcase classname="automation.testsuite.Day8_Practice" name="getElementByName" time="1.875"/>
</testsuite> <!-- automation.testsuite.Day8_Practice -->
