<?xml version="1.0" encoding="UTF-8"?>
<!-- Generated by org.testng.reporters.JUnitReportReporter -->
<testsuite hostname="DESKTOP-KPS8173" failures="0" tests="2" name="automation.testsuite.BTVN2_Day8" time="3.395" errors="0" timestamp="2025-07-29T14:28:13 ICT" skipped="0">
  <testcase classname="automation.testsuite.BTVN2_Day8" name="getElementByName" time="1.295"/>
  <testcase classname="automation.testsuite.BTVN2_Day8" name="getElementById" time="2.100"/>
</testsuite> <!-- automation.testsuite.BTVN2_Day8 -->
