<?xml version="1.0" encoding="UTF-8"?>
<!-- Generated by org.testng.reporters.JUnitReportReporter -->
<testsuite hostname="DESKTOP-KPS8173" failures="0" tests="1" name="automation.testsuite.ALADA_LoginLogout_Test" time="6.548" errors="0" timestamp="2025-08-17T21:19:41 ICT" skipped="0">
  <testcase classname="automation.testsuite.ALADA_LoginLogout_Test" name="logoutSuccessfully" time="6.548"/>
</testsuite> <!-- automation.testsuite.ALADA_LoginLogout_Test -->
