<?xml version="1.0" encoding="UTF-8"?>
<!-- Generated by org.testng.reporters.JUnitReportReporter -->
<testsuite hostname="DESKTOP-KPS8173" failures="0" tests="3" name="automation.testsuite.Day12_RadioButton" time="19.784" errors="0" timestamp="2025-08-17T19:54:41 ICT" skipped="0">
  <testcase classname="automation.testsuite.Day12_RadioButton" name="choseOther" time="6.161"/>
  <testcase classname="automation.testsuite.Day12_RadioButton" name="choseMale" time="6.581"/>
  <testcase classname="automation.testsuite.Day12_RadioButton" name="choseFemale" time="7.042"/>
</testsuite> <!-- automation.testsuite.Day12_RadioButton -->
