<?xml version="1.0" encoding="UTF-8"?>
<!-- Generated by org.testng.reporters.JUnitReportReporter -->
<testsuite hostname="DESKTOP-KPS8173" failures="0" tests="1" name="automation.testsuite.D12_HandleCheckbox" time="11.143" errors="0" timestamp="2025-08-06T21:39:52 ICT" skipped="0">
  <testcase classname="automation.testsuite.D12_HandleCheckbox" name="chooseHobbies" time="11.143"/>
</testsuite> <!-- automation.testsuite.D12_HandleCheckbox -->
