<?xml version="1.0" encoding="UTF-8"?>
<!-- Generated by org.testng.reporters.JUnitReportReporter -->
<testsuite hostname="DESKTOP-KPS8173" failures="0" tests="1" name="automation.testsuite.Day12_HandleDropdownList" time="2.258" errors="0" timestamp="2025-08-17T19:54:41 ICT" skipped="0">
  <testcase classname="automation.testsuite.Day12_HandleDropdownList" name="handleDropdownList" time="2.258"/>
</testsuite> <!-- automation.testsuite.Day12_HandleDropdownList -->
