<?xml version="1.0" encoding="UTF-8"?>
<!-- Generated by org.testng.reporters.JUnitReportReporter -->
<testsuite hostname="DESKTOP-KPS8173" failures="0" tests="3" name="automation.testsuite.BTVN_Day12_2" time="5.722" errors="0" timestamp="2025-08-17T19:54:41 ICT" skipped="0">
  <testcase classname="automation.testsuite.BTVN_Day12_2" name="radioDisabled" time="2.171"/>
  <testcase classname="automation.testsuite.BTVN_Day12_2" name="chooseAgeUnder18" time="1.552"/>
  <testcase classname="automation.testsuite.BTVN_Day12_2" name="chooseAge18Older" time="1.999"/>
</testsuite> <!-- automation.testsuite.BTVN_Day12_2 -->
