<?xml version="1.0" encoding="UTF-8"?>
<!-- Generated by org.testng.reporters.JUnitReportReporter -->
<testsuite hostname="DESKTOP-KPS8173" failures="0" tests="1" name="automation.testsuite.BTVNDay14_Test" time="2.839" errors="0" timestamp="2025-08-19T22:54:38 ICT" skipped="0">
  <testcase classname="automation.testsuite.BTVNDay14_Test" name="newLoginSuccessfully" time="2.839"/>
</testsuite> <!-- automation.testsuite.BTVNDay14_Test -->
