<?xml version="1.0" encoding="UTF-8"?>
<!-- Generated by org.testng.reporters.JUnitReportReporter -->
<testsuite hostname="DESKTOP-KPS8173" failures="0" tests="1" name="automation.testsuite.BTVN_Day12_3" time="2.002" errors="0" timestamp="2025-08-13T19:37:52 ICT" skipped="0">
  <testcase classname="automation.testsuite.BTVN_Day12_3" name="chooseDropMulti" time="2.002"/>
</testsuite> <!-- automation.testsuite.BTVN_Day12_3 -->
