<?xml version="1.0" encoding="UTF-8"?>
<!-- Generated by org.testng.reporters.JUnitReportReporter -->
<testsuite hostname="DESKTOP-KPS8173" failures="0" tests="5" name="automation.testsuite.BTVN_Day13" time="23.039" errors="0" timestamp="2025-08-17T19:54:41 ICT" skipped="0">
  <testcase classname="automation.testsuite.BTVN_Day13" name="loginIncorrectEmailPass" time="3.617"/>
  <testcase classname="automation.testsuite.BTVN_Day13" name="loginSuccessfully" time="3.645"/>
  <testcase classname="automation.testsuite.BTVN_Day13" name="loginIncorrectPassword" time="2.936"/>
  <testcase classname="automation.testsuite.BTVN_Day13" name="logout" time="9.924"/>
  <testcase classname="automation.testsuite.BTVN_Day13" name="loginIncorrectEmail" time="2.917"/>
</testsuite> <!-- automation.testsuite.BTVN_Day13 -->
