<?xml version="1.0" encoding="UTF-8"?>
<!-- Generated by org.testng.reporters.JUnitReportReporter -->
<testsuite hostname="DESKTOP-KPS8173" failures="0" tests="1" name="automation.testsuite.NhanVien" time="7.026" errors="0" timestamp="2025-07-20T21:55:26 ICT" skipped="0">
  <testcase classname="automation.testsuite.NhanVien" name="NhanVien" time="7.026"/>
</testsuite> <!-- automation.testsuite.NhanVien -->
